grand_parent_contract_award_unique_key	n
CONT_IDV_SPE4AX16D9008_9700	930966
CONT_IDV_47QSHA18D000G_4732	596430
CONT_IDV_GS02FW0003_4730	555494
CONT_IDV_GS21F0106Y_4732	488783
CONT_IDV_GS07FP0084_4730	370817
CONT_IDV_SPE8EG19D0103_9700	351608
CONT_IDV_GS14F0035K_4730	344368
CONT_IDV_47QSWA22D0009_4732	325101
CONT_IDV_GS06F0006L_4730	282778
CONT_IDV_GS14F0040K_4730	254863
CONT_IDV_SPE7M117D0001_9700	252906
CONT_IDV_GS06F0010N_4730	236452
CONT_IDV_GS06F0074M_4730	228688
CONT_IDV_47QSCC18D0001_4732	214379
CONT_IDV_GS00F0001K_4730	210035
CONT_IDV_SPM2DX13D1000_9700	209481
CONT_IDV_47QSEA18D008C_4732	204031
CONT_IDV_SPE4A515D0018_9700	195170
CONT_IDV_SPM2DE14D7469_9700	189025
CONT_IDV_47QSEA19D00AY_4732	188134
CONT_IDV_GS06F0007J_4730	186844
CONT_IDV_SPE2DV17D6030_9700	177822
CONT_IDV_SPE30020DS353_9700	176914
CONT_IDV_SPE7MX16D0046_9700	166881
CONT_IDV_SPE7LX19D0029_9700	160615
CONT_IDV_SPE2DX16D1500_9700	154515
CONT_IDV_SPE30021DS366_9700	145697
CONT_IDV_GS02Q15DCR0002_4732	143352
CONT_IDV_GS00T07NSD0038_4735	137841
CONT_IDV_GS06F0032K_4730	137820
CONT_IDV_47QSHA18C0002_4732	137299
CONT_IDV_47QSHA19D004Z_4732	136703
CONT_IDV_SPE30019DS728_9700	135348
CONT_IDV_GS21F097AA_4732	130904
CONT_IDV_SPE7LX15D0162_9700	129760
CONT_IDV_SPE2DE19D0010_9700	126906
CONT_IDV_SPE30018DS325_9700	125534
CONT_IDV_GS06F0018L_4730	120213
CONT_IDV_GS06F78591_4730	119567
CONT_IDV_SPE30018DS315_9700	117711
CONT_IDV_47QSEA19D006Y_4732	115125
CONT_IDV_SPE7L117D0012_9700	113289
CONT_IDV_47QSHA18D002C_4732	108144
CONT_IDV_47QSEA19D00B9_4732	104132
CONT_IDV_SPE2DV17D0610_9700	103524
CONT_IDV_SPE4AX16D9010_9700	102381
CONT_IDV_SPM2DE14D7351_9700	102341
CONT_IDV_SPE2DE19D0007_9700	101268
CONT_IDV_GS21F0035T_4730	100718
CONT_IDV_GS35F4076D_4730	96337
CONT_IDV_SPE2DV17D2002_9700	95620
CONT_IDV_V797P1020_3600	95007
CONT_IDV_47QSEA20D005Q_4732	94442
CONT_IDV_V797P1060_3600	92713
CONT_IDV_SPE7LX21D0087_9700	90843
CONT_IDV_SPM7LX15D0001_9700	90633
CONT_IDV_SPE2DE16D0011_9700	90524
CONT_IDV_SPE7L116D0003_9700	90313
CONT_IDV_SPE30018DS320_9700	89475
CONT_IDV_GS06F0049S_4730	87522
CONT_IDV_GS25F0062L_4730	87234
CONT_IDV_SPE30021DS365_9700	84909
CONT_IDV_SPE30015DS649_9700	84185
CONT_IDV_GS02F0087W_4730	81313
CONT_IDV_GS06FT0123_4730	80819
CONT_IDV_GS03FGA010_4732	80179
CONT_IDV_SPE30017DS910_9700	79237
CONT_IDV_SPE30020DS736_9700	77810
CONT_IDV_47QSEA18C001J_4732	77648
CONT_IDV_GS02F0026S_4730	77039
CONT_IDV_SPM4AR07D0015_9700	75963
CONT_IDV_SPE2DE19D0004_9700	75079
CONT_IDV_SPE2DV17D1047_9700	74667
CONT_IDV_SPE30018DS326_9700	74521
CONT_IDV_SPE7L116D0007_9700	74303
CONT_IDV_SPM2DE14D7350_9700	74166
CONT_IDV_GS30FR0005_4730	71323
CONT_IDV_GS06FB074M_4730	70089
CONT_IDV_SPE2DX15D2206_9700	69349
CONT_IDV_SPM2DV11D6029_9700	68078
CONT_IDV_SPE2DX15D1106_9700	67847
CONT_IDV_SPE2DE17D0006_9700	67515
CONT_IDV_SPE2DV17D9200_9700	67497
CONT_IDV_SPE8EJ17D0001_9700	67093
CONT_IDV_SPE7M118D0002_9700	66940
CONT_IDV_SPE2DV17D1046_9700	66331
CONT_IDV_SPE30018DS316_9700	65695
CONT_IDV_SPE2DX15D1022_9700	64519
CONT_IDV_SPE30018DS335_9700	64498
CONT_IDV_SPE2DX15D1053_9700	63789
CONT_IDV_SPE2DX15D2211_9700	63747
CONT_IDV_47QSEA20D001S_4732	63448
CONT_IDV_SPE2DX15D3501_9700	62122
CONT_IDV_SPE30016DS664_9700	61936
CONT_IDV_SPE2DV17D6001_9700	61485
CONT_IDV_SPE2DX15D3301_9700	61049
CONT_IDV_SPE7L117D0013_9700	60846
CONT_IDV_SPE2DX15D3016_9700	60311
CONT_IDV_SPE2DV17D7002_9700	60172
CONT_IDV_SPE2DX15D2205_9700	59467



